Base path: /Applications/Unity/Unity.app/Contents
Pipe name: \\.\pipe\UnityShaderCompiler-2--1335607296
Cmd: getPlatforms
Cmd: compileSnippet
  api=9 type=0 insize=5046 outsize=3648 kw=DIRECTIONAL SHADOWS_OFF LIGHTMAP_OFF DIRLIGHTMAP_OFF ok=1
Cmd: compileSnippet
  api=5 type=0 insize=5046 outsize=4740 kw=DIRECTIONAL SHADOWS_OFF LIGHTMAP_OFF DIRLIGHTMAP_OFF VERTEXLIGHT_ON ok=1
Cmd: compileSnippet
  api=5 type=0 insize=5046 outsize=5450 kw=DIRECTIONAL SHADOWS_SCREEN LIGHTMAP_OFF DIRLIGHTMAP_OFF VERTEXLIGHT_ON ok=1
Cmd: compileSnippet
  api=5 type=0 insize=5046 outsize=4264 kw=DIRECTIONAL SHADOWS_SCREEN SHADOWS_NATIVE LIGHTMAP_OFF DIRLIGHTMAP_OFF ok=1
Cmd: compileSnippet
  api=5 type=0 insize=5046 outsize=5350 kw=DIRECTIONAL SHADOWS_SCREEN SHADOWS_NATIVE LIGHTMAP_OFF DIRLIGHTMAP_OFF VERTEXLIGHT_ON ok=1
Cmd: compileSnippet
  api=9 type=1 insize=5046 outsize=7 kw=DIRECTIONAL SHADOWS_OFF LIGHTMAP_OFF DIRLIGHTMAP_OFF ok=1
Cmd: compileSnippet
  api=5 type=1 insize=5046 outsize=6 kw=DIRECTIONAL SHADOWS_SCREEN LIGHTMAP_OFF DIRLIGHTMAP_OFF ok=1
Cmd: compileSnippet
  api=9 type=0 insize=19247 outsize=1086 kw= ok=1
Cmd: compileSnippet
  api=9 type=1 insize=19247 outsize=7 kw= ok=1
Cmd: compileSnippet
  api=9 type=0 insize=19254 outsize=4033 kw= ok=1
Cmd: compileSnippet
  api=9 type=1 insize=19254 outsize=7 kw= ok=1
Cmd: compileSnippet
  api=9 type=0 insize=19258 outsize=5289 kw= ok=1
Cmd: compileSnippet
  api=9 type=1 insize=19258 outsize=7 kw= ok=1
Cmd: compileSnippet
  api=9 type=0 insize=19237 outsize=660 kw= ok=1
Cmd: compileSnippet
  api=9 type=1 insize=19237 outsize=7 kw= ok=1
Cmd: compileSnippet
  api=9 type=0 insize=19253 outsize=1081 kw= ok=1
Cmd: compileSnippet
  api=9 type=1 insize=19253 outsize=7 kw= ok=1
Cmd: compileSnippet
  api=9 type=0 insize=19240 outsize=2109 kw= ok=1
Cmd: compileSnippet
  api=9 type=1 insize=19240 outsize=7 kw= ok=1
Cmd: compileSnippet
  api=9 type=0 insize=19251 outsize=2031 kw= ok=1
Cmd: compileSnippet
  api=9 type=1 insize=19251 outsize=7 kw= ok=1
Cmd: compileSnippet
  api=9 type=0 insize=19247 outsize=791 kw= ok=1
Cmd: compileSnippet
  api=9 type=1 insize=19247 outsize=7 kw= ok=1
Cmd: compileSnippet
  api=9 type=0 insize=19257 outsize=1150 kw= ok=1
Cmd: compileSnippet
  api=9 type=1 insize=19257 outsize=7 kw= ok=1
Cmd: compileSnippet
  api=9 type=0 insize=19250 outsize=1126 kw= ok=1
Cmd: compileSnippet
  api=9 type=1 insize=19250 outsize=7 kw= ok=1
Cmd: compileSnippet
  api=9 type=0 insize=19257 outsize=1215 kw= ok=1
Cmd: compileSnippet
  api=9 type=1 insize=19257 outsize=7 kw= ok=1
Cmd: compileSnippet
  api=9 type=0 insize=19245 outsize=3749 kw= ok=1
Cmd: compileSnippet
  api=9 type=1 insize=19245 outsize=7 kw= ok=1
Cmd: compileSnippet
  api=9 type=0 insize=19254 outsize=3051 kw= ok=1
Cmd: compileSnippet
  api=9 type=1 insize=19254 outsize=7 kw= ok=1
Cmd: compileSnippet
  api=9 type=0 insize=19241 outsize=1294 kw= ok=1
Cmd: compileSnippet
  api=9 type=1 insize=19241 outsize=7 kw= ok=1
Cmd: compileSnippet
  api=9 type=0 insize=19256 outsize=962 kw= ok=1
Cmd: compileSnippet
  api=9 type=1 insize=19256 outsize=7 kw= ok=1
Cmd: compileSnippet
  api=9 type=0 insize=19246 outsize=1388 kw= ok=1
Cmd: compileSnippet
  api=9 type=1 insize=19246 outsize=7 kw= ok=1
Cmd: compileSnippet
  api=9 type=0 insize=19239 outsize=838 kw= ok=1
Cmd: compileSnippet
  api=9 type=1 insize=19239 outsize=7 kw= ok=1
Cmd: compileSnippet
  api=9 type=0 insize=19247 outsize=5228 kw= ok=1
Cmd: compileSnippet
  api=9 type=1 insize=19247 outsize=7 kw= ok=1
Cmd: compileSnippet
  api=9 type=0 insize=19255 outsize=4219 kw= ok=1
Cmd: compileSnippet
  api=9 type=1 insize=19255 outsize=7 kw= ok=1
Cmd: compileSnippet
  api=9 type=0 insize=19265 outsize=4394 kw= ok=1
Cmd: compileSnippet
  api=9 type=1 insize=19265 outsize=7 kw= ok=1
Cmd: compileSnippet
  api=9 type=0 insize=19243 outsize=690 kw= ok=1
Cmd: compileSnippet
  api=9 type=1 insize=19243 outsize=7 kw= ok=1
Cmd: compileSnippet
  api=9 type=0 insize=19245 outsize=2109 kw= ok=1
Cmd: compileSnippet
  api=9 type=1 insize=19245 outsize=7 kw= ok=1
Cmd: compileSnippet
  api=9 type=0 insize=19262 outsize=645 kw= ok=1
Cmd: compileSnippet
  api=9 type=1 insize=19262 outsize=7 kw= ok=1
Cmd: compileSnippet
  api=9 type=0 insize=4780 outsize=3886 kw=DIRECTIONAL LIGHTMAP_OFF DIRLIGHTMAP_OFF ok=1
Cmd: compileSnippet
  api=5 type=0 insize=4780 outsize=2100 kw=DIRECTIONAL LIGHTMAP_ON DIRLIGHTMAP_OFF ok=1
Cmd: compileSnippet
  api=5 type=0 insize=4780 outsize=2229 kw=DIRECTIONAL LIGHTMAP_ON DIRLIGHTMAP_ON ok=1
Cmd: compileSnippet
  api=5 type=0 insize=4780 outsize=4985 kw=DIRECTIONAL LIGHTMAP_OFF DIRLIGHTMAP_OFF VERTEXLIGHT_ON ok=1
Cmd: compileSnippet
  api=9 type=1 insize=4780 outsize=7 kw=DIRECTIONAL LIGHTMAP_OFF DIRLIGHTMAP_OFF ok=1
Cmd: compileSnippet
  api=5 type=1 insize=4780 outsize=6 kw=DIRECTIONAL LIGHTMAP_ON DIRLIGHTMAP_OFF ok=1
Cmd: compileSnippet
  api=9 type=1 insize=4780 outsize=7 kw=DIRECTIONAL LIGHTMAP_ON DIRLIGHTMAP_ON ok=1
Cmd: compileSnippet
  api=9 type=0 insize=2465 outsize=2045 kw=POINT ok=1
Cmd: compileSnippet
  api=9 type=0 insize=2465 outsize=1629 kw=DIRECTIONAL ok=1
Cmd: compileSnippet
  api=9 type=0 insize=2465 outsize=2271 kw=SPOT ok=1
Cmd: compileSnippet
  api=9 type=0 insize=2465 outsize=2134 kw=POINT_COOKIE ok=1
Cmd: compileSnippet
  api=9 type=0 insize=2465 outsize=1872 kw=DIRECTIONAL_COOKIE ok=1
Cmd: compileSnippet
  api=9 type=1 insize=2465 outsize=7 kw=POINT ok=1
Cmd: compileSnippet
  api=5 type=1 insize=2465 outsize=6 kw=DIRECTIONAL ok=1
Cmd: compileSnippet
  api=5 type=1 insize=2465 outsize=6 kw=SPOT ok=1
Cmd: compileSnippet
  api=5 type=1 insize=2465 outsize=6 kw=POINT_COOKIE ok=1
Cmd: compileSnippet
  api=5 type=1 insize=2465 outsize=6 kw=DIRECTIONAL_COOKIE ok=1
Cmd: compileSnippet
  api=9 type=1 insize=2465 outsize=7 kw=DIRECTIONAL_COOKIE ok=1
Cmd: compileSnippet
  error: 2 plat 9 at (14): Can't find include file Shared.cginc
  api=9 type=0 insize=3030 outsize=0 kw=LIGHT_ON_SCREEN DIRECTIONAL_SHAFTS ok=0
Cmd: compileSnippet
  error: 2 plat 5 at (14): Can't find include file Shared.cginc
  api=5 type=0 insize=3030 outsize=0 kw=LIGHT_ON_SCREEN SPOT_SHAFTS ok=0
Cmd: compileSnippet
  error: 2 plat 9 at (14): Can't find include file Shared.cginc
  api=9 type=0 insize=3030 outsize=0 kw=LIGHT_ON_SCREEN SPOT_SHAFTS ok=0
Cmd: compileSnippet
  error: 2 plat 9 at (14): Can't find include file Shared.cginc
  api=9 type=0 insize=3030 outsize=0 kw=DIRECTIONAL_SHAFTS LIGHT_OFF_SCREEN ok=0
Cmd: compileSnippet
  error: 2 plat 5 at (14): Can't find include file Shared.cginc
  api=5 type=0 insize=3030 outsize=0 kw=SPOT_SHAFTS LIGHT_OFF_SCREEN ok=0
Cmd: compileSnippet
  api=9 type=1 insize=3030 outsize=7 kw=LIGHT_ON_SCREEN DIRECTIONAL_SHAFTS ok=1
Cmd: compileSnippet
  api=9 type=1 insize=3030 outsize=7 kw=LIGHT_ON_SCREEN SPOT_SHAFTS ok=1
Cmd: compileSnippet
  api=5 type=1 insize=3030 outsize=6 kw=DIRECTIONAL_SHAFTS LIGHT_OFF_SCREEN ok=1
Cmd: compileSnippet
  api=9 type=1 insize=3030 outsize=7 kw=SPOT_SHAFTS LIGHT_OFF_SCREEN ok=1
Cmd: compileSnippet
  error: 2 plat 9 at (23): Can't find include file Shared.cginc
  api=9 type=0 insize=7019 outsize=0 kw=LIGHT_ON_SCREEN DIRECTIONAL_SHAFTS SHOW_SAMPLES_OFF QUAD_SHAFTS FLIP_WORKAROUND_OFF ok=0
Cmd: compileSnippet
  error: 2 plat 5 at (23): Can't find include file Shared.cginc
  api=5 type=0 insize=7019 outsize=0 kw=LIGHT_ON_SCREEN DIRECTIONAL_SHAFTS SHOW_SAMPLES_OFF QUAD_SHAFTS FLIP_WORKAROUND_ON ok=0
Cmd: compileSnippet
  error: 2 plat 5 at (23): Can't find include file Shared.cginc
  api=5 type=0 insize=7019 outsize=0 kw=LIGHT_ON_SCREEN SPOT_SHAFTS SHOW_SAMPLES_OFF QUAD_SHAFTS FLIP_WORKAROUND_OFF ok=0
Cmd: compileSnippet
  error: 2 plat 9 at (23): Can't find include file Shared.cginc
  api=9 type=0 insize=7019 outsize=0 kw=LIGHT_ON_SCREEN SPOT_SHAFTS SHOW_SAMPLES_OFF QUAD_SHAFTS FLIP_WORKAROUND_OFF ok=0
Cmd: compileSnippet
  error: 2 plat 9 at (23): Can't find include file Shared.cginc
  api=9 type=0 insize=7019 outsize=0 kw=LIGHT_ON_SCREEN SPOT_SHAFTS SHOW_SAMPLES_OFF QUAD_SHAFTS FLIP_WORKAROUND_ON ok=0
Cmd: compileSnippet
  error: 2 plat 5 at (23): Can't find include file Shared.cginc
  api=5 type=0 insize=7019 outsize=0 kw=LIGHT_ON_SCREEN DIRECTIONAL_SHAFTS SHOW_SAMPLES_OFF FLIP_WORKAROUND_OFF FRUSTUM_SHAFTS ok=0
Cmd: compileSnippet
  error: 2 plat 5 at (23): Can't find include file Shared.cginc
  api=5 type=0 insize=7019 outsize=0 kw=LIGHT_ON_SCREEN DIRECTIONAL_SHAFTS SHOW_SAMPLES_OFF FLIP_WORKAROUND_ON FRUSTUM_SHAFTS ok=0
Cmd: compileSnippet
  error: 2 plat 9 at (23): Can't find include file Shared.cginc
  api=9 type=0 insize=7019 outsize=0 kw=LIGHT_ON_SCREEN DIRECTIONAL_SHAFTS SHOW_SAMPLES_OFF FLIP_WORKAROUND_ON FRUSTUM_SHAFTS ok=0
Cmd: compileSnippet
  error: 2 plat 9 at (23): Can't find include file Shared.cginc
  api=9 type=0 insize=7019 outsize=0 kw=LIGHT_ON_SCREEN SPOT_SHAFTS SHOW_SAMPLES_OFF FLIP_WORKAROUND_OFF FRUSTUM_SHAFTS ok=0
Cmd: compileSnippet
  error: 2 plat 5 at (23): Can't find include file Shared.cginc
  api=5 type=0 insize=7019 outsize=0 kw=LIGHT_ON_SCREEN SPOT_SHAFTS SHOW_SAMPLES_OFF FLIP_WORKAROUND_ON FRUSTUM_SHAFTS ok=0
Cmd: compileSnippet
  error: 2 plat 5 at (23): Can't find include file Shared.cginc
  api=5 type=0 insize=7019 outsize=0 kw=LIGHT_ON_SCREEN DIRECTIONAL_SHAFTS QUAD_SHAFTS FLIP_WORKAROUND_OFF SHOW_SAMPLES_ON ok=0
Cmd: compileSnippet
  error: 2 plat 9 at (23): Can't find include file Shared.cginc
  api=9 type=0 insize=7019 outsize=0 kw=LIGHT_ON_SCREEN DIRECTIONAL_SHAFTS QUAD_SHAFTS FLIP_WORKAROUND_OFF SHOW_SAMPLES_ON ok=0
Cmd: compileSnippet
  error: 2 plat 9 at (23): Can't find include file Shared.cginc
  api=9 type=0 insize=7019 outsize=0 kw=LIGHT_ON_SCREEN DIRECTIONAL_SHAFTS QUAD_SHAFTS FLIP_WORKAROUND_ON SHOW_SAMPLES_ON ok=0
Cmd: compileSnippet
  error: 2 plat 5 at (23): Can't find include file Shared.cginc
  api=5 type=0 insize=7019 outsize=0 kw=LIGHT_ON_SCREEN SPOT_SHAFTS QUAD_SHAFTS FLIP_WORKAROUND_OFF SHOW_SAMPLES_ON ok=0
Cmd: compileSnippet
  error: 2 plat 5 at (23): Can't find include file Shared.cginc
  api=5 type=0 insize=7019 outsize=0 kw=LIGHT_ON_SCREEN SPOT_SHAFTS QUAD_SHAFTS FLIP_WORKAROUND_ON SHOW_SAMPLES_ON ok=0
Cmd: compileSnippet
  error: 2 plat 5 at (23): Can't find include file Shared.cginc
  api=5 type=0 insize=7019 outsize=0 kw=LIGHT_ON_SCREEN DIRECTIONAL_SHAFTS FLIP_WORKAROUND_OFF FRUSTUM_SHAFTS SHOW_SAMPLES_ON ok=0
Cmd: compileSnippet
  error: 2 plat 9 at (23): Can't find include file Shared.cginc
  api=9 type=0 insize=7019 outsize=0 kw=LIGHT_ON_SCREEN DIRECTIONAL_SHAFTS FLIP_WORKAROUND_OFF FRUSTUM_SHAFTS SHOW_SAMPLES_ON ok=0
Cmd: compileSnippet
  error: 2 plat 9 at (23): Can't find include file Shared.cginc
  api=9 type=0 insize=7019 outsize=0 kw=LIGHT_ON_SCREEN DIRECTIONAL_SHAFTS FLIP_WORKAROUND_ON FRUSTUM_SHAFTS SHOW_SAMPLES_ON ok=0
Cmd: compileSnippet
  error: 2 plat 5 at (23): Can't find include file Shared.cginc
  api=5 type=0 insize=7019 outsize=0 kw=LIGHT_ON_SCREEN SPOT_SHAFTS FLIP_WORKAROUND_OFF FRUSTUM_SHAFTS SHOW_SAMPLES_ON ok=0
Cmd: compileSnippet
  error: 2 plat 5 at (23): Can't find include file Shared.cginc
  api=5 type=0 insize=7019 outsize=0 kw=LIGHT_ON_SCREEN SPOT_SHAFTS FLIP_WORKAROUND_ON FRUSTUM_SHAFTS SHOW_SAMPLES_ON ok=0
Cmd: compileSnippet
  error: 2 plat 9 at (23): Can't find include file Shared.cginc
  api=9 type=0 insize=7019 outsize=0 kw=LIGHT_ON_SCREEN SPOT_SHAFTS FLIP_WORKAROUND_ON FRUSTUM_SHAFTS SHOW_SAMPLES_ON ok=0
Cmd: compileSnippet
  error: 2 plat 9 at (23): Can't find include file Shared.cginc
  api=9 type=0 insize=7019 outsize=0 kw=DIRECTIONAL_SHAFTS LIGHT_OFF_SCREEN SHOW_SAMPLES_OFF QUAD_SHAFTS FLIP_WORKAROUND_OFF ok=0
Cmd: compileSnippet
  error: 2 plat 5 at (23): Can't find include file Shared.cginc
  api=5 type=0 insize=7019 outsize=0 kw=DIRECTIONAL_SHAFTS LIGHT_OFF_SCREEN SHOW_SAMPLES_OFF QUAD_SHAFTS FLIP_WORKAROUND_ON ok=0
Cmd: compileSnippet
  error: 2 plat 5 at (23): Can't find include file Shared.cginc
  api=5 type=0 insize=7019 outsize=0 kw=SPOT_SHAFTS LIGHT_OFF_SCREEN SHOW_SAMPLES_OFF QUAD_SHAFTS FLIP_WORKAROUND_OFF ok=0
Cmd: compileSnippet
  error: 2 plat 9 at (23): Can't find include file Shared.cginc
  api=9 type=0 insize=7019 outsize=0 kw=SPOT_SHAFTS LIGHT_OFF_SCREEN SHOW_SAMPLES_OFF QUAD_SHAFTS FLIP_WORKAROUND_OFF ok=0
Cmd: compileSnippet
  error: 2 plat 9 at (23): Can't find include file Shared.cginc
  api=9 type=0 insize=7019 outsize=0 kw=SPOT_SHAFTS LIGHT_OFF_SCREEN SHOW_SAMPLES_OFF QUAD_SHAFTS FLIP_WORKAROUND_ON ok=0
Cmd: compileSnippet
  error: 2 plat 5 at (23): Can't find include file Shared.cginc
  api=5 type=0 insize=7019 outsize=0 kw=DIRECTIONAL_SHAFTS LIGHT_OFF_SCREEN SHOW_SAMPLES_OFF FLIP_WORKAROUND_OFF FRUSTUM_SHAFTS ok=0
Cmd: compileSnippet
  error: 2 plat 9 at (23): Can't find include file Shared.cginc
  api=9 type=0 insize=7019 outsize=0 kw=DIRECTIONAL_SHAFTS LIGHT_OFF_SCREEN SHOW_SAMPLES_OFF FLIP_WORKAROUND_OFF FRUSTUM_SHAFTS ok=0
Cmd: compileSnippet
  error: 2 plat 9 at (23): Can't find include file Shared.cginc
  api=9 type=0 insize=7019 outsize=0 kw=DIRECTIONAL_SHAFTS LIGHT_OFF_SCREEN SHOW_SAMPLES_OFF FLIP_WORKAROUND_ON FRUSTUM_SHAFTS ok=0
Cmd: compileSnippet
  error: 2 plat 5 at (23): Can't find include file Shared.cginc
  api=5 type=0 insize=7019 outsize=0 kw=SPOT_SHAFTS LIGHT_OFF_SCREEN SHOW_SAMPLES_OFF FLIP_WORKAROUND_OFF FRUSTUM_SHAFTS ok=0
Cmd: compileSnippet
  error: 2 plat 5 at (23): Can't find include file Shared.cginc
  api=5 type=0 insize=7019 outsize=0 kw=SPOT_SHAFTS LIGHT_OFF_SCREEN SHOW_SAMPLES_OFF FLIP_WORKAROUND_ON FRUSTUM_SHAFTS ok=0
Cmd: compileSnippet
  error: 2 plat 9 at (23): Can't find include file Shared.cginc
  api=9 type=0 insize=7019 outsize=0 kw=SPOT_SHAFTS LIGHT_OFF_SCREEN SHOW_SAMPLES_OFF FLIP_WORKAROUND_ON FRUSTUM_SHAFTS ok=0
Cmd: compileSnippet
  error: 2 plat 9 at (23): Can't find include file Shared.cginc
  api=9 type=0 insize=7019 outsize=0 kw=DIRECTIONAL_SHAFTS LIGHT_OFF_SCREEN QUAD_SHAFTS FLIP_WORKAROUND_OFF SHOW_SAMPLES_ON ok=0
Cmd: compileSnippet
  error: 2 plat 5 at (23): Can't find include file Shared.cginc
  api=5 type=0 insize=7019 outsize=0 kw=DIRECTIONAL_SHAFTS LIGHT_OFF_SCREEN QUAD_SHAFTS FLIP_WORKAROUND_ON SHOW_SAMPLES_ON ok=0
Cmd: compileSnippet
  error: 2 plat 5 at (23): Can't find include file Shared.cginc
  api=5 type=0 insize=7019 outsize=0 kw=SPOT_SHAFTS LIGHT_OFF_SCREEN QUAD_SHAFTS FLIP_WORKAROUND_OFF SHOW_SAMPLES_ON ok=0
Cmd: compileSnippet
  error: 2 plat 9 at (23): Can't find include file Shared.cginc
  api=9 type=0 insize=7019 outsize=0 kw=SPOT_SHAFTS LIGHT_OFF_SCREEN QUAD_SHAFTS FLIP_WORKAROUND_OFF SHOW_SAMPLES_ON ok=0
Cmd: compileSnippet
  error: 2 plat 9 at (23): Can't find include file Shared.cginc
  api=9 type=0 insize=7019 outsize=0 kw=SPOT_SHAFTS LIGHT_OFF_SCREEN QUAD_SHAFTS FLIP_WORKAROUND_ON SHOW_SAMPLES_ON ok=0
Cmd: compileSnippet
  error: 2 plat 5 at (23): Can't find include file Shared.cginc
  api=5 type=0 insize=7019 outsize=0 kw=DIRECTIONAL_SHAFTS LIGHT_OFF_SCREEN FLIP_WORKAROUND_OFF FRUSTUM_SHAFTS SHOW_SAMPLES_ON ok=0
Cmd: compileSnippet
  error: 2 plat 5 at (23): Can't find include file Shared.cginc
  api=5 type=0 insize=7019 outsize=0 kw=DIRECTIONAL_SHAFTS LIGHT_OFF_SCREEN FLIP_WORKAROUND_ON FRUSTUM_SHAFTS SHOW_SAMPLES_ON ok=0
Cmd: compileSnippet
  error: 2 plat 9 at (23): Can't find include file Shared.cginc
  api=9 type=0 insize=7019 outsize=0 kw=DIRECTIONAL_SHAFTS LIGHT_OFF_SCREEN FLIP_WORKAROUND_ON FRUSTUM_SHAFTS SHOW_SAMPLES_ON ok=0
Cmd: compileSnippet
  error: 2 plat 5 at (23): Can't find include file Shared.cginc
  api=5 type=0 insize=7019 outsize=0 kw=SPOT_SHAFTS LIGHT_OFF_SCREEN FLIP_WORKAROUND_OFF FRUSTUM_SHAFTS SHOW_SAMPLES_ON ok=0
Cmd: compileSnippet
  error: 2 plat 5 at (23): Can't find include file Shared.cginc
  api=5 type=0 insize=7019 outsize=0 kw=SPOT_SHAFTS LIGHT_OFF_SCREEN FLIP_WORKAROUND_ON FRUSTUM_SHAFTS SHOW_SAMPLES_ON ok=0
Cmd: compileSnippet
  error: 2 plat 9 at (23): Can't find include file Shared.cginc
  api=9 type=0 insize=7019 outsize=0 kw=SPOT_SHAFTS LIGHT_OFF_SCREEN FLIP_WORKAROUND_ON FRUSTUM_SHAFTS SHOW_SAMPLES_ON ok=0
Cmd: compileSnippet
  api=9 type=1 insize=7019 outsize=7 kw=LIGHT_ON_SCREEN DIRECTIONAL_SHAFTS SHOW_SAMPLES_OFF QUAD_SHAFTS FLIP_WORKAROUND_OFF ok=1
Cmd: compileSnippet
  api=9 type=1 insize=7019 outsize=7 kw=LIGHT_ON_SCREEN DIRECTIONAL_SHAFTS SHOW_SAMPLES_OFF QUAD_SHAFTS FLIP_WORKAROUND_ON ok=1
Cmd: compileSnippet
  api=9 type=1 insize=7019 outsize=7 kw=LIGHT_ON_SCREEN SPOT_SHAFTS SHOW_SAMPLES_OFF QUAD_SHAFTS FLIP_WORKAROUND_OFF ok=1
Cmd: compileSnippet
  api=5 type=1 insize=7019 outsize=6 kw=LIGHT_ON_SCREEN SPOT_SHAFTS SHOW_SAMPLES_OFF QUAD_SHAFTS FLIP_WORKAROUND_ON ok=1
Cmd: compileSnippet
  api=9 type=1 insize=7019 outsize=7 kw=LIGHT_ON_SCREEN DIRECTIONAL_SHAFTS SHOW_SAMPLES_OFF FLIP_WORKAROUND_OFF FRUSTUM_SHAFTS ok=1
Cmd: compileSnippet
  api=9 type=1 insize=7019 outsize=7 kw=LIGHT_ON_SCREEN DIRECTIONAL_SHAFTS SHOW_SAMPLES_OFF FLIP_WORKAROUND_ON FRUSTUM_SHAFTS ok=1
Cmd: compileSnippet
  api=9 type=1 insize=7019 outsize=7 kw=LIGHT_ON_SCREEN SPOT_SHAFTS SHOW_SAMPLES_OFF FLIP_WORKAROUND_OFF FRUSTUM_SHAFTS ok=1
Cmd: compileSnippet
  api=9 type=1 insize=7019 outsize=7 kw=LIGHT_ON_SCREEN SPOT_SHAFTS SHOW_SAMPLES_OFF FLIP_WORKAROUND_ON FRUSTUM_SHAFTS ok=1
Cmd: compileSnippet
  api=9 type=1 insize=7019 outsize=7 kw=LIGHT_ON_SCREEN DIRECTIONAL_SHAFTS QUAD_SHAFTS FLIP_WORKAROUND_OFF SHOW_SAMPLES_ON ok=1
Cmd: compileSnippet
  api=9 type=1 insize=7019 outsize=7 kw=LIGHT_ON_SCREEN DIRECTIONAL_SHAFTS QUAD_SHAFTS FLIP_WORKAROUND_ON SHOW_SAMPLES_ON ok=1
Cmd: compileSnippet
  api=9 type=1 insize=7019 outsize=7 kw=LIGHT_ON_SCREEN SPOT_SHAFTS QUAD_SHAFTS FLIP_WORKAROUND_OFF SHOW_SAMPLES_ON ok=1
Cmd: compileSnippet
  api=9 type=1 insize=7019 outsize=7 kw=LIGHT_ON_SCREEN SPOT_SHAFTS QUAD_SHAFTS FLIP_WORKAROUND_ON SHOW_SAMPLES_ON ok=1
Cmd: compileSnippet
  api=5 type=1 insize=7019 outsize=6 kw=LIGHT_ON_SCREEN DIRECTIONAL_SHAFTS FLIP_WORKAROUND_OFF FRUSTUM_SHAFTS SHOW_SAMPLES_ON ok=1
Cmd: compileSnippet
  api=5 type=1 insize=7019 outsize=6 kw=LIGHT_ON_SCREEN DIRECTIONAL_SHAFTS FLIP_WORKAROUND_ON FRUSTUM_SHAFTS SHOW_SAMPLES_ON ok=1
Cmd: compileSnippet
  api=5 type=1 insize=7019 outsize=6 kw=LIGHT_ON_SCREEN SPOT_SHAFTS FLIP_WORKAROUND_OFF FRUSTUM_SHAFTS SHOW_SAMPLES_ON ok=1
Cmd: compileSnippet
  api=5 type=1 insize=7019 outsize=6 kw=LIGHT_ON_SCREEN SPOT_SHAFTS FLIP_WORKAROUND_ON FRUSTUM_SHAFTS SHOW_SAMPLES_ON ok=1
Cmd: compileSnippet
  api=5 type=1 insize=7019 outsize=6 kw=DIRECTIONAL_SHAFTS LIGHT_OFF_SCREEN SHOW_SAMPLES_OFF QUAD_SHAFTS FLIP_WORKAROUND_OFF ok=1
Cmd: compileSnippet
  api=9 type=1 insize=7019 outsize=7 kw=DIRECTIONAL_SHAFTS LIGHT_OFF_SCREEN SHOW_SAMPLES_OFF QUAD_SHAFTS FLIP_WORKAROUND_ON ok=1
Cmd: compileSnippet
  api=5 type=1 insize=7019 outsize=6 kw=SPOT_SHAFTS LIGHT_OFF_SCREEN SHOW_SAMPLES_OFF QUAD_SHAFTS FLIP_WORKAROUND_OFF ok=1
Cmd: compileSnippet
  api=9 type=1 insize=7019 outsize=7 kw=SPOT_SHAFTS LIGHT_OFF_SCREEN SHOW_SAMPLES_OFF QUAD_SHAFTS FLIP_WORKAROUND_ON ok=1
Cmd: compileSnippet
  api=9 type=1 insize=7019 outsize=7 kw=DIRECTIONAL_SHAFTS LIGHT_OFF_SCREEN SHOW_SAMPLES_OFF FLIP_WORKAROUND_OFF FRUSTUM_SHAFTS ok=1
Cmd: compileSnippet
  api=9 type=1 insize=7019 outsize=7 kw=DIRECTIONAL_SHAFTS LIGHT_OFF_SCREEN SHOW_SAMPLES_OFF FLIP_WORKAROUND_ON FRUSTUM_SHAFTS ok=1
Cmd: compileSnippet
  api=9 type=1 insize=7019 outsize=7 kw=SPOT_SHAFTS LIGHT_OFF_SCREEN SHOW_SAMPLES_OFF FLIP_WORKAROUND_OFF FRUSTUM_SHAFTS ok=1
Cmd: compileSnippet
  api=9 type=1 insize=7019 outsize=7 kw=SPOT_SHAFTS LIGHT_OFF_SCREEN SHOW_SAMPLES_OFF FLIP_WORKAROUND_ON FRUSTUM_SHAFTS ok=1
Cmd: compileSnippet
  api=9 type=1 insize=7019 outsize=7 kw=DIRECTIONAL_SHAFTS LIGHT_OFF_SCREEN QUAD_SHAFTS FLIP_WORKAROUND_OFF SHOW_SAMPLES_ON ok=1
Cmd: compileSnippet
  api=9 type=1 insize=7019 outsize=7 kw=DIRECTIONAL_SHAFTS LIGHT_OFF_SCREEN QUAD_SHAFTS FLIP_WORKAROUND_ON SHOW_SAMPLES_ON ok=1
Cmd: compileSnippet
  api=9 type=1 insize=7019 outsize=7 kw=SPOT_SHAFTS LIGHT_OFF_SCREEN QUAD_SHAFTS FLIP_WORKAROUND_OFF SHOW_SAMPLES_ON ok=1
Cmd: compileSnippet
  api=9 type=1 insize=7019 outsize=7 kw=SPOT_SHAFTS LIGHT_OFF_SCREEN QUAD_SHAFTS FLIP_WORKAROUND_ON SHOW_SAMPLES_ON ok=1
Cmd: compileSnippet
  api=5 type=1 insize=7019 outsize=6 kw=DIRECTIONAL_SHAFTS LIGHT_OFF_SCREEN FLIP_WORKAROUND_ON FRUSTUM_SHAFTS SHOW_SAMPLES_ON ok=1
Cmd: compileSnippet
  api=9 type=1 insize=7019 outsize=7 kw=DIRECTIONAL_SHAFTS LIGHT_OFF_SCREEN FLIP_WORKAROUND_ON FRUSTUM_SHAFTS SHOW_SAMPLES_ON ok=1
Cmd: compileSnippet
  api=5 type=1 insize=7019 outsize=6 kw=SPOT_SHAFTS LIGHT_OFF_SCREEN FLIP_WORKAROUND_ON FRUSTUM_SHAFTS SHOW_SAMPLES_ON ok=1
Cmd: compileSnippet
  api=9 type=1 insize=7019 outsize=7 kw=SPOT_SHAFTS LIGHT_OFF_SCREEN FLIP_WORKAROUND_ON FRUSTUM_SHAFTS SHOW_SAMPLES_ON ok=1
Cmd: compileSnippet
  api=9 type=0 insize=665 outsize=670 kw= ok=1
Cmd: compileSnippet
  api=9 type=1 insize=665 outsize=7 kw= ok=1
Cmd: compileSnippet
  api=9 type=0 insize=769 outsize=628 kw= ok=1
Cmd: compileSnippet
  api=9 type=1 insize=769 outsize=7 kw= ok=1
Cmd: compileSnippet
  error: 2 plat 9 at (16): Can't find include file Shared.cginc
  api=9 type=0 insize=2532 outsize=0 kw= ok=0
Cmd: compileSnippet
  api=9 type=1 insize=2532 outsize=7 kw= ok=1
Cmd: compileSnippet
  error: 2 plat 9 at (102): Can't find include file Shared.cginc
  api=9 type=0 insize=434 outsize=0 kw= ok=0
Cmd: compileSnippet
  api=9 type=1 insize=434 outsize=7 kw= ok=1
Cmd: compileSnippet
  error: 2 plat 9 at (15): Can't find include file Shared.cginc
  api=9 type=0 insize=4328 outsize=0 kw=DIRECTIONAL_SHAFTS COLORED_ON ATTENUATION_CURVE_ON COOKIE_TEX_ON ok=0
Cmd: compileSnippet
  error: 2 plat 5 at (15): Can't find include file Shared.cginc
  api=5 type=0 insize=4328 outsize=0 kw=SPOT_SHAFTS COLORED_ON ATTENUATION_CURVE_ON COOKIE_TEX_ON ok=0
Cmd: compileSnippet
  error: 2 plat 9 at (15): Can't find include file Shared.cginc
  api=9 type=0 insize=4328 outsize=0 kw=SPOT_SHAFTS COLORED_ON ATTENUATION_CURVE_ON COOKIE_TEX_ON ok=0
Cmd: compileSnippet
  error: 2 plat 9 at (15): Can't find include file Shared.cginc
  api=9 type=0 insize=4328 outsize=0 kw=DIRECTIONAL_SHAFTS COLORED_ON ATTENUATION_CURVE_ON COOKIE_TEX_OFF ok=0
Cmd: compileSnippet
  error: 2 plat 5 at (15): Can't find include file Shared.cginc
  api=5 type=0 insize=4328 outsize=0 kw=SPOT_SHAFTS COLORED_ON ATTENUATION_CURVE_ON COOKIE_TEX_OFF ok=0
Cmd: compileSnippet
  error: 2 plat 5 at (15): Can't find include file Shared.cginc
  api=5 type=0 insize=4328 outsize=0 kw=DIRECTIONAL_SHAFTS COLORED_ON COOKIE_TEX_ON ATTENUATION_CURVE_OFF ok=0
Cmd: compileSnippet
  error: 2 plat 9 at (15): Can't find include file Shared.cginc
  api=9 type=0 insize=4328 outsize=0 kw=DIRECTIONAL_SHAFTS COLORED_ON COOKIE_TEX_ON ATTENUATION_CURVE_OFF ok=0
Cmd: compileSnippet
  error: 2 plat 5 at (15): Can't find include file Shared.cginc
  api=5 type=0 insize=4328 outsize=0 kw=SPOT_SHAFTS COLORED_ON COOKIE_TEX_ON ATTENUATION_CURVE_OFF ok=0
Cmd: compileSnippet
  error: 2 plat 9 at (15): Can't find include file Shared.cginc
  api=9 type=0 insize=4328 outsize=0 kw=SPOT_SHAFTS COLORED_ON COOKIE_TEX_ON ATTENUATION_CURVE_OFF ok=0
Cmd: compileSnippet
  error: 2 plat 9 at (15): Can't find include file Shared.cginc
  api=9 type=0 insize=4328 outsize=0 kw=DIRECTIONAL_SHAFTS COLORED_ON COOKIE_TEX_OFF ATTENUATION_CURVE_OFF ok=0
Cmd: compileSnippet
  error: 2 plat 5 at (15): Can't find include file Shared.cginc
  api=5 type=0 insize=4328 outsize=0 kw=SPOT_SHAFTS COLORED_ON COOKIE_TEX_OFF ATTENUATION_CURVE_OFF ok=0
Cmd: compileSnippet
  error: 2 plat 9 at (15): Can't find include file Shared.cginc
  api=9 type=0 insize=4328 outsize=0 kw=SPOT_SHAFTS COLORED_ON COOKIE_TEX_OFF ATTENUATION_CURVE_OFF ok=0
Cmd: compileSnippet
  error: 2 plat 9 at (15): Can't find include file Shared.cginc
  api=9 type=0 insize=4328 outsize=0 kw=DIRECTIONAL_SHAFTS ATTENUATION_CURVE_ON COOKIE_TEX_ON COLORED_OFF ok=0
Cmd: compileSnippet
  error: 2 plat 5 at (15): Can't find include file Shared.cginc
  api=5 type=0 insize=4328 outsize=0 kw=SPOT_SHAFTS ATTENUATION_CURVE_ON COOKIE_TEX_ON COLORED_OFF ok=0
Cmd: compileSnippet
  error: 2 plat 9 at (15): Can't find include file Shared.cginc
  api=9 type=0 insize=4328 outsize=0 kw=SPOT_SHAFTS ATTENUATION_CURVE_ON COOKIE_TEX_ON COLORED_OFF ok=0
Cmd: compileSnippet
  error: 2 plat 5 at (15): Can't find include file Shared.cginc
  api=5 type=0 insize=4328 outsize=0 kw=DIRECTIONAL_SHAFTS ATTENUATION_CURVE_ON COOKIE_TEX_OFF COLORED_OFF ok=0
Cmd: compileSnippet
  error: 2 plat 5 at (15): Can't find include file Shared.cginc
  api=5 type=0 insize=4328 outsize=0 kw=SPOT_SHAFTS ATTENUATION_CURVE_ON COOKIE_TEX_OFF COLORED_OFF ok=0
Cmd: compileSnippet
  error: 2 plat 9 at (15): Can't find include file Shared.cginc
  api=9 type=0 insize=4328 outsize=0 kw=SPOT_SHAFTS ATTENUATION_CURVE_ON COOKIE_TEX_OFF COLORED_OFF ok=0
Cmd: compileSnippet
  error: 2 plat 5 at (15): Can't find include file Shared.cginc
  api=5 type=0 insize=4328 outsize=0 kw=DIRECTIONAL_SHAFTS COOKIE_TEX_ON ATTENUATION_CURVE_OFF COLORED_OFF ok=0
Cmd: compileSnippet
  error: 2 plat 5 at (15): Can't find include file Shared.cginc
  api=5 type=0 insize=4328 outsize=0 kw=SPOT_SHAFTS COOKIE_TEX_ON ATTENUATION_CURVE_OFF COLORED_OFF ok=0
Cmd: compileSnippet
  error: 2 plat 9 at (15): Can't find include file Shared.cginc
  api=9 type=0 insize=4328 outsize=0 kw=SPOT_SHAFTS COOKIE_TEX_ON ATTENUATION_CURVE_OFF COLORED_OFF ok=0
Cmd: compileSnippet
  error: 2 plat 5 at (15): Can't find include file Shared.cginc
  api=5 type=0 insize=4328 outsize=0 kw=DIRECTIONAL_SHAFTS COOKIE_TEX_OFF ATTENUATION_CURVE_OFF COLORED_OFF ok=0
Cmd: compileSnippet
  error: 2 plat 5 at (15): Can't find include file Shared.cginc
  api=5 type=0 insize=4328 outsize=0 kw=SPOT_SHAFTS COOKIE_TEX_OFF ATTENUATION_CURVE_OFF COLORED_OFF ok=0
Cmd: compileSnippet
  error: 2 plat 9 at (15): Can't find include file Shared.cginc
  api=9 type=0 insize=4328 outsize=0 kw=SPOT_SHAFTS COOKIE_TEX_OFF ATTENUATION_CURVE_OFF COLORED_OFF ok=0
Cmd: compileSnippet
  api=9 type=1 insize=4328 outsize=7 kw=DIRECTIONAL_SHAFTS COLORED_ON ATTENUATION_CURVE_ON COOKIE_TEX_ON ok=1
Cmd: compileSnippet
  api=5 type=1 insize=4328 outsize=6 kw=SPOT_SHAFTS COLORED_ON ATTENUATION_CURVE_ON COOKIE_TEX_ON ok=1
Cmd: compileSnippet
  api=5 type=1 insize=4328 outsize=6 kw=DIRECTIONAL_SHAFTS COLORED_ON ATTENUATION_CURVE_ON COOKIE_TEX_OFF ok=1
Cmd: compileSnippet
  api=5 type=1 insize=4328 outsize=6 kw=SPOT_SHAFTS COLORED_ON ATTENUATION_CURVE_ON COOKIE_TEX_OFF ok=1
Cmd: compileSnippet
  api=9 type=1 insize=4328 outsize=7 kw=DIRECTIONAL_SHAFTS COLORED_ON COOKIE_TEX_ON ATTENUATION_CURVE_OFF ok=1
Cmd: compileSnippet
  api=9 type=1 insize=4328 outsize=7 kw=SPOT_SHAFTS COLORED_ON COOKIE_TEX_ON ATTENUATION_CURVE_OFF ok=1
Cmd: compileSnippet
  api=9 type=1 insize=4328 outsize=7 kw=DIRECTIONAL_SHAFTS COLORED_ON COOKIE_TEX_OFF ATTENUATION_CURVE_OFF ok=1
Cmd: compileSnippet
  api=9 type=1 insize=4328 outsize=7 kw=SPOT_SHAFTS COLORED_ON COOKIE_TEX_OFF ATTENUATION_CURVE_OFF ok=1
Cmd: compileSnippet
  api=5 type=1 insize=4328 outsize=6 kw=DIRECTIONAL_SHAFTS ATTENUATION_CURVE_ON COOKIE_TEX_ON COLORED_OFF ok=1
Cmd: compileSnippet
  api=5 type=1 insize=4328 outsize=6 kw=SPOT_SHAFTS ATTENUATION_CURVE_ON COOKIE_TEX_ON COLORED_OFF ok=1
Cmd: compileSnippet
  api=5 type=1 insize=4328 outsize=6 kw=DIRECTIONAL_SHAFTS ATTENUATION_CURVE_ON COOKIE_TEX_OFF COLORED_OFF ok=1
Cmd: compileSnippet
  api=5 type=1 insize=4328 outsize=6 kw=SPOT_SHAFTS ATTENUATION_CURVE_ON COOKIE_TEX_OFF COLORED_OFF ok=1
Cmd: compileSnippet
  api=5 type=1 insize=4328 outsize=6 kw=DIRECTIONAL_SHAFTS COOKIE_TEX_ON ATTENUATION_CURVE_OFF COLORED_OFF ok=1
Cmd: compileSnippet
  api=9 type=1 insize=4328 outsize=7 kw=SPOT_SHAFTS COOKIE_TEX_ON ATTENUATION_CURVE_OFF COLORED_OFF ok=1
Cmd: compileSnippet
  api=5 type=1 insize=4328 outsize=6 kw=DIRECTIONAL_SHAFTS COOKIE_TEX_OFF ATTENUATION_CURVE_OFF COLORED_OFF ok=1
Cmd: compileSnippet
  api=9 type=1 insize=4328 outsize=7 kw=SPOT_SHAFTS COOKIE_TEX_OFF ATTENUATION_CURVE_OFF COLORED_OFF ok=1
Cmd: compileSnippet
  error: 2 plat 9 at (10): Can't find include file Shared.cginc
  api=9 type=0 insize=1330 outsize=0 kw= ok=0
Cmd: compileSnippet
  api=9 type=1 insize=1330 outsize=7 kw= ok=1
Cmd: compileSnippet
  api=9 type=0 insize=986 outsize=721 kw= ok=1
Cmd: compileSnippet
  api=9 type=1 insize=986 outsize=7 kw= ok=1
Cmd: compileSnippet
  api=9 type=0 insize=1203 outsize=8987 kw= ok=1
Cmd: compileSnippet
  api=9 type=1 insize=1203 outsize=7 kw= ok=1
Cmd: compileSnippet
  api=9 type=0 insize=1322 outsize=9834 kw= ok=1
Cmd: compileSnippet
  api=9 type=1 insize=1322 outsize=7 kw= ok=1
Cmd: compileSnippet
  api=9 type=0 insize=1274 outsize=1049 kw= ok=1
Cmd: compileSnippet
  api=9 type=1 insize=1274 outsize=7 kw= ok=1
Cmd: compileSnippet
  api=9 type=0 insize=1260 outsize=1014 kw= ok=1
Cmd: compileSnippet
  api=9 type=1 insize=1260 outsize=7 kw= ok=1
Cmd: compileSnippet
  api=9 type=0 insize=1260 outsize=1339 kw= ok=1
Cmd: compileSnippet
  api=9 type=1 insize=1260 outsize=7 kw= ok=1
Cmd: compileSnippet
  api=9 type=0 insize=1282 outsize=9093 kw= ok=1
Cmd: compileSnippet
  api=9 type=1 insize=1282 outsize=7 kw= ok=1
Cmd: compileSnippet
  api=9 type=0 insize=1222 outsize=9012 kw= ok=1
Cmd: compileSnippet
  api=9 type=1 insize=1222 outsize=7 kw= ok=1
Cmd: compileSnippet
  api=9 type=0 insize=1218 outsize=9012 kw= ok=1
Cmd: compileSnippet
  api=5 type=1 insize=1218 outsize=6 kw= ok=1
Cmd: compileSnippet
  api=9 type=0 insize=1277 outsize=1033 kw= ok=1
Cmd: compileSnippet
  api=9 type=1 insize=1277 outsize=7 kw= ok=1
Cmd: compileSnippet
  api=9 type=0 insize=1333 outsize=1049 kw= ok=1
Cmd: compileSnippet
  api=9 type=1 insize=1333 outsize=7 kw= ok=1
Cmd: compileSnippet
  api=9 type=0 insize=956 outsize=793 kw= ok=1
Cmd: compileSnippet
  api=9 type=1 insize=956 outsize=7 kw= ok=1
Cmd: compileSnippet
  api=9 type=0 insize=942 outsize=631 kw= ok=1
Cmd: compileSnippet
  api=9 type=1 insize=942 outsize=7 kw= ok=1
Cmd: compileSnippet
  api=9 type=0 insize=1051 outsize=1052 kw= ok=1
Cmd: compileSnippet
  api=9 type=1 insize=1051 outsize=7 kw= ok=1
Cmd: compileSnippet
  api=9 type=0 insize=1041 outsize=928 kw= ok=1
Cmd: compileSnippet
  api=9 type=1 insize=1041 outsize=7 kw= ok=1
Cmd: compileSnippet
  error: 2 plat 9 at (14): Can't find include file Shared.cginc
  api=9 type=0 insize=3030 outsize=0 kw=LIGHT_ON_SCREEN DIRECTIONAL_SHAFTS ok=0
Cmd: compileSnippet
  error: 2 plat 5 at (14): Can't find include file Shared.cginc
  api=5 type=0 insize=3030 outsize=0 kw=LIGHT_ON_SCREEN SPOT_SHAFTS ok=0
Cmd: compileSnippet
  error: 2 plat 5 at (14): Can't find include file Shared.cginc
  api=5 type=0 insize=3030 outsize=0 kw=DIRECTIONAL_SHAFTS LIGHT_OFF_SCREEN ok=0
Cmd: compileSnippet
  error: 2 plat 9 at (14): Can't find include file Shared.cginc
  api=9 type=0 insize=3030 outsize=0 kw=DIRECTIONAL_SHAFTS LIGHT_OFF_SCREEN ok=0
Cmd: compileSnippet
  error: 2 plat 5 at (14): Can't find include file Shared.cginc
  api=5 type=0 insize=3030 outsize=0 kw=SPOT_SHAFTS LIGHT_OFF_SCREEN ok=0
Cmd: compileSnippet
  error: 2 plat 9 at (23): Can't find include file Shared.cginc
  api=9 type=0 insize=7019 outsize=0 kw=LIGHT_ON_SCREEN DIRECTIONAL_SHAFTS SHOW_SAMPLES_OFF QUAD_SHAFTS FLIP_WORKAROUND_OFF ok=0
Cmd: compileSnippet
  error: 2 plat 5 at (23): Can't find include file Shared.cginc
  api=5 type=0 insize=7019 outsize=0 kw=LIGHT_ON_SCREEN DIRECTIONAL_SHAFTS SHOW_SAMPLES_OFF QUAD_SHAFTS FLIP_WORKAROUND_ON ok=0
Cmd: compileSnippet
  error: 2 plat 9 at (23): Can't find include file Shared.cginc
  api=9 type=0 insize=7019 outsize=0 kw=LIGHT_ON_SCREEN DIRECTIONAL_SHAFTS SHOW_SAMPLES_OFF QUAD_SHAFTS FLIP_WORKAROUND_ON ok=0
Cmd: compileSnippet
  error: 2 plat 9 at (23): Can't find include file Shared.cginc
  api=9 type=0 insize=7019 outsize=0 kw=LIGHT_ON_SCREEN SPOT_SHAFTS SHOW_SAMPLES_OFF QUAD_SHAFTS FLIP_WORKAROUND_OFF ok=0
Cmd: compileSnippet
  error: 2 plat 5 at (23): Can't find include file Shared.cginc
  api=5 type=0 insize=7019 outsize=0 kw=LIGHT_ON_SCREEN SPOT_SHAFTS SHOW_SAMPLES_OFF QUAD_SHAFTS FLIP_WORKAROUND_ON ok=0
Cmd: compileSnippet
  error: 2 plat 5 at (23): Can't find include file Shared.cginc
  api=5 type=0 insize=7019 outsize=0 kw=LIGHT_ON_SCREEN DIRECTIONAL_SHAFTS SHOW_SAMPLES_OFF FLIP_WORKAROUND_OFF FRUSTUM_SHAFTS ok=0
Cmd: compileSnippet
  error: 2 plat 9 at (23): Can't find include file Shared.cginc
  api=9 type=0 insize=7019 outsize=0 kw=LIGHT_ON_SCREEN DIRECTIONAL_SHAFTS SHOW_SAMPLES_OFF FLIP_WORKAROUND_OFF FRUSTUM_SHAFTS ok=0
Cmd: compileSnippet
  error: 2 plat 5 at (23): Can't find include file Shared.cginc
  api=5 type=0 insize=7019 outsize=0 kw=LIGHT_ON_SCREEN DIRECTIONAL_SHAFTS SHOW_SAMPLES_OFF FLIP_WORKAROUND_ON FRUSTUM_SHAFTS ok=0
Cmd: compileSnippet
  error: 2 plat 5 at (23): Can't find include file Shared.cginc
  api=5 type=0 insize=7019 outsize=0 kw=LIGHT_ON_SCREEN SPOT_SHAFTS SHOW_SAMPLES_OFF FLIP_WORKAROUND_OFF FRUSTUM_SHAFTS ok=0
Cmd: compileSnippet
  error: 2 plat 9 at (23): Can't find include file Shared.cginc
  api=9 type=0 insize=7019 outsize=0 kw=LIGHT_ON_SCREEN SPOT_SHAFTS SHOW_SAMPLES_OFF FLIP_WORKAROUND_OFF FRUSTUM_SHAFTS ok=0
Cmd: compileSnippet
  error: 2 plat 9 at (23): Can't find include file Shared.cginc
  api=9 type=0 insize=7019 outsize=0 kw=LIGHT_ON_SCREEN SPOT_SHAFTS SHOW_SAMPLES_OFF FLIP_WORKAROUND_ON FRUSTUM_SHAFTS ok=0
Cmd: compileSnippet
  error: 2 plat 5 at (23): Can't find include file Shared.cginc
  api=5 type=0 insize=7019 outsize=0 kw=LIGHT_ON_SCREEN DIRECTIONAL_SHAFTS QUAD_SHAFTS FLIP_WORKAROUND_OFF SHOW_SAMPLES_ON ok=0
Cmd: compileSnippet
  error: 2 plat 5 at (23): Can't find include file Shared.cginc
  api=5 type=0 insize=7019 outsize=0 kw=LIGHT_ON_SCREEN DIRECTIONAL_SHAFTS QUAD_SHAFTS FLIP_WORKAROUND_ON SHOW_SAMPLES_ON ok=0
Cmd: compileSnippet
  error: 2 plat 9 at (23): Can't find include file Shared.cginc
  api=9 type=0 insize=7019 outsize=0 kw=LIGHT_ON_SCREEN DIRECTIONAL_SHAFTS QUAD_SHAFTS FLIP_WORKAROUND_ON SHOW_SAMPLES_ON ok=0
Cmd: compileSnippet
  error: 2 plat 5 at (23): Can't find include file Shared.cginc
  api=5 type=0 insize=7019 outsize=0 kw=LIGHT_ON_SCREEN SPOT_SHAFTS QUAD_SHAFTS FLIP_WORKAROUND_OFF SHOW_SAMPLES_ON ok=0
Cmd: compileSnippet
  error: 2 plat 5 at (23): Can't find include file Shared.cginc
  api=5 type=0 insize=7019 outsize=0 kw=LIGHT_ON_SCREEN SPOT_SHAFTS QUAD_SHAFTS FLIP_WORKAROUND_ON SHOW_SAMPLES_ON ok=0
Cmd: compileSnippet
  error: 2 plat 9 at (23): Can't find include file Shared.cginc
  api=9 type=0 insize=7019 outsize=0 kw=LIGHT_ON_SCREEN SPOT_SHAFTS QUAD_SHAFTS FLIP_WORKAROUND_ON SHOW_SAMPLES_ON ok=0
Cmd: compileSnippet
  error: 2 plat 5 at (23): Can't find include file Shared.cginc
  api=5 type=0 insize=7019 outsize=0 kw=LIGHT_ON_SCREEN DIRECTIONAL_SHAFTS FLIP_WORKAROUND_OFF FRUSTUM_SHAFTS SHOW_SAMPLES_ON ok=0
Cmd: compileSnippet
  error: 2 plat 5 at (23): Can't find include file Shared.cginc
  api=5 type=0 insize=7019 outsize=0 kw=LIGHT_ON_SCREEN DIRECTIONAL_SHAFTS FLIP_WORKAROUND_ON FRUSTUM_SHAFTS SHOW_SAMPLES_ON ok=0
Cmd: compileSnippet
  error: 2 plat 9 at (23): Can't find include file Shared.cginc
  api=9 type=0 insize=7019 outsize=0 kw=LIGHT_ON_SCREEN DIRECTIONAL_SHAFTS FLIP_WORKAROUND_ON FRUSTUM_SHAFTS SHOW_SAMPLES_ON ok=0
Cmd: compileSnippet
  error: 2 plat 9 at (23): Can't find include file Shared.cginc
  api=9 type=0 insize=7019 outsize=0 kw=LIGHT_ON_SCREEN SPOT_SHAFTS FLIP_WORKAROUND_OFF FRUSTUM_SHAFTS SHOW_SAMPLES_ON ok=0
Cmd: compileSnippet
  error: 2 plat 5 at (23): Can't find include file Shared.cginc
  api=5 type=0 insize=7019 outsize=0 kw=LIGHT_ON_SCREEN SPOT_SHAFTS FLIP_WORKAROUND_ON FRUSTUM_SHAFTS SHOW_SAMPLES_ON ok=0
Cmd: compileSnippet
  error: 2 plat 9 at (23): Can't find include file Shared.cginc
  api=9 type=0 insize=7019 outsize=0 kw=LIGHT_ON_SCREEN SPOT_SHAFTS FLIP_WORKAROUND_ON FRUSTUM_SHAFTS SHOW_SAMPLES_ON ok=0
Cmd: compileSnippet
  error: 2 plat 5 at (23): Can't find include file Shared.cginc
  api=5 type=0 insize=7019 outsize=0 kw=DIRECTIONAL_SHAFTS LIGHT_OFF_SCREEN SHOW_SAMPLES_OFF QUAD_SHAFTS FLIP_WORKAROUND_OFF ok=0
Cmd: compileSnippet
  error: 2 plat 9 at (23): Can't find include file Shared.cginc
  api=9 type=0 insize=7019 outsize=0 kw=DIRECTIONAL_SHAFTS LIGHT_OFF_SCREEN SHOW_SAMPLES_OFF QUAD_SHAFTS FLIP_WORKAROUND_OFF ok=0
Cmd: compileSnippet
  error: 2 plat 9 at (23): Can't find include file Shared.cginc
  api=9 type=0 insize=7019 outsize=0 kw=DIRECTIONAL_SHAFTS LIGHT_OFF_SCREEN SHOW_SAMPLES_OFF QUAD_SHAFTS FLIP_WORKAROUND_ON ok=0
Cmd: compileSnippet
  error: 2 plat 5 at (23): Can't find include file Shared.cginc
  api=5 type=0 insize=7019 outsize=0 kw=SPOT_SHAFTS LIGHT_OFF_SCREEN SHOW_SAMPLES_OFF QUAD_SHAFTS FLIP_WORKAROUND_OFF ok=0
Cmd: compileSnippet
  error: 2 plat 5 at (23): Can't find include file Shared.cginc
  api=5 type=0 insize=7019 outsize=0 kw=SPOT_SHAFTS LIGHT_OFF_SCREEN SHOW_SAMPLES_OFF QUAD_SHAFTS FLIP_WORKAROUND_ON ok=0
Cmd: compileSnippet
  error: 2 plat 9 at (23): Can't find include file Shared.cginc
  api=9 type=0 insize=7019 outsize=0 kw=SPOT_SHAFTS LIGHT_OFF_SCREEN SHOW_SAMPLES_OFF QUAD_SHAFTS FLIP_WORKAROUND_ON ok=0
Cmd: compileSnippet
  error: 2 plat 9 at (23): Can't find include file Shared.cginc
  api=9 type=0 insize=7019 outsize=0 kw=DIRECTIONAL_SHAFTS LIGHT_OFF_SCREEN SHOW_SAMPLES_OFF FLIP_WORKAROUND_OFF FRUSTUM_SHAFTS ok=0
Cmd: compileSnippet
  error: 2 plat 5 at (23): Can't find include file Shared.cginc
  api=5 type=0 insize=7019 outsize=0 kw=DIRECTIONAL_SHAFTS LIGHT_OFF_SCREEN SHOW_SAMPLES_OFF FLIP_WORKAROUND_ON FRUSTUM_SHAFTS ok=0
Cmd: compileSnippet
  error: 2 plat 5 at (23): Can't find include file Shared.cginc
  api=5 type=0 insize=7019 outsize=0 kw=SPOT_SHAFTS LIGHT_OFF_SCREEN SHOW_SAMPLES_OFF FLIP_WORKAROUND_OFF FRUSTUM_SHAFTS ok=0
Cmd: compileSnippet
  error: 2 plat 9 at (23): Can't find include file Shared.cginc
  api=9 type=0 insize=7019 outsize=0 kw=SPOT_SHAFTS LIGHT_OFF_SCREEN SHOW_SAMPLES_OFF FLIP_WORKAROUND_OFF FRUSTUM_SHAFTS ok=0
Cmd: compileSnippet
  error: 2 plat 5 at (23): Can't find include file Shared.cginc
  api=5 type=0 insize=7019 outsize=0 kw=SPOT_SHAFTS LIGHT_OFF_SCREEN SHOW_SAMPLES_OFF FLIP_WORKAROUND_ON FRUSTUM_SHAFTS ok=0
Cmd: compileSnippet
  error: 2 plat 5 at (23): Can't find include file Shared.cginc
  api=5 type=0 insize=7019 outsize=0 kw=DIRECTIONAL_SHAFTS LIGHT_OFF_SCREEN QUAD_SHAFTS FLIP_WORKAROUND_OFF SHOW_SAMPLES_ON ok=0
Cmd: compileSnippet
  error: 2 plat 9 at (23): Can't find include file Shared.cginc
  api=9 type=0 insize=7019 outsize=0 kw=DIRECTIONAL_SHAFTS LIGHT_OFF_SCREEN QUAD_SHAFTS FLIP_WORKAROUND_OFF SHOW_SAMPLES_ON ok=0
Cmd: compileSnippet
  error: 2 plat 5 at (23): Can't find include file Shared.cginc
  api=5 type=0 insize=7019 outsize=0 kw=DIRECTIONAL_SHAFTS LIGHT_OFF_SCREEN QUAD_SHAFTS FLIP_WORKAROUND_ON SHOW_SAMPLES_ON ok=0
Cmd: compileSnippet
  error: 2 plat 9 at (23): Can't find include file Shared.cginc
  api=9 type=0 insize=7019 outsize=0 kw=DIRECTIONAL_SHAFTS LIGHT_OFF_SCREEN QUAD_SHAFTS FLIP_WORKAROUND_ON SHOW_SAMPLES_ON ok=0
Cmd: compileSnippet
  error: 2 plat 9 at (23): Can't find include file Shared.cginc
  api=9 type=0 insize=7019 outsize=0 kw=SPOT_SHAFTS LIGHT_OFF_SCREEN QUAD_SHAFTS FLIP_WORKAROUND_OFF SHOW_SAMPLES_ON ok=0
Cmd: compileSnippet
  error: 2 plat 5 at (23): Can't find include file Shared.cginc
  api=5 type=0 insize=7019 outsize=0 kw=SPOT_SHAFTS LIGHT_OFF_SCREEN QUAD_SHAFTS FLIP_WORKAROUND_ON SHOW_SAMPLES_ON ok=0
Cmd: compileSnippet
  error: 2 plat 9 at (23): Can't find include file Shared.cginc
  api=9 type=0 insize=7019 outsize=0 kw=SPOT_SHAFTS LIGHT_OFF_SCREEN QUAD_SHAFTS FLIP_WORKAROUND_ON SHOW_SAMPLES_ON ok=0
Cmd: compileSnippet
  error: 2 plat 5 at (23): Can't find include file Shared.cginc
  api=5 type=0 insize=7019 outsize=0 kw=DIRECTIONAL_SHAFTS LIGHT_OFF_SCREEN FLIP_WORKAROUND_OFF FRUSTUM_SHAFTS SHOW_SAMPLES_ON ok=0
Cmd: compileSnippet
  error: 2 plat 9 at (23): Can't find include file Shared.cginc
  api=9 type=0 insize=7019 outsize=0 kw=DIRECTIONAL_SHAFTS LIGHT_OFF_SCREEN FLIP_WORKAROUND_OFF FRUSTUM_SHAFTS SHOW_SAMPLES_ON ok=0
Cmd: compileSnippet
  error: 2 plat 9 at (23): Can't find include file Shared.cginc
  api=9 type=0 insize=7019 outsize=0 kw=DIRECTIONAL_SHAFTS LIGHT_OFF_SCREEN FLIP_WORKAROUND_ON FRUSTUM_SHAFTS SHOW_SAMPLES_ON ok=0
Cmd: compileSnippet
  error: 2 plat 5 at (23): Can't find include file Shared.cginc
  api=5 type=0 insize=7019 outsize=0 kw=SPOT_SHAFTS LIGHT_OFF_SCREEN FLIP_WORKAROUND_OFF FRUSTUM_SHAFTS SHOW_SAMPLES_ON ok=0
Cmd: compileSnippet
  error: 2 plat 9 at (23): Can't find include file Shared.cginc
  api=9 type=0 insize=7019 outsize=0 kw=SPOT_SHAFTS LIGHT_OFF_SCREEN FLIP_WORKAROUND_OFF FRUSTUM_SHAFTS SHOW_SAMPLES_ON ok=0
Cmd: compileSnippet
  error: 2 plat 9 at (23): Can't find include file Shared.cginc
  api=9 type=0 insize=7019 outsize=0 kw=SPOT_SHAFTS LIGHT_OFF_SCREEN FLIP_WORKAROUND_ON FRUSTUM_SHAFTS SHOW_SAMPLES_ON ok=0
Cmd: compileSnippet
  error: 2 plat 9 at (16): Can't find include file Shared.cginc
  api=9 type=0 insize=2532 outsize=0 kw= ok=0
Cmd: compileSnippet
  error: 2 plat 9 at (102): Can't find include file Shared.cginc
  api=9 type=0 insize=434 outsize=0 kw= ok=0
Cmd: compileSnippet
  error: 2 plat 9 at (15): Can't find include file Shared.cginc
  api=9 type=0 insize=4328 outsize=0 kw=DIRECTIONAL_SHAFTS COLORED_ON ATTENUATION_CURVE_ON COOKIE_TEX_ON ok=0
Cmd: compileSnippet
  error: 2 plat 9 at (10): Can't find include file Shared.cginc
  api=9 type=0 insize=1330 outsize=0 kw= ok=0
End of pipe

Quitting shader compiler process
